(0.001) SELECT "ai_gen_saved_images"."id" FROM "ai_gen_saved_images"; args=(); alias=default
(0.000) SELECT "ai_gen_saved_images"."id", "ai_gen_saved_images"."quote_id", "ai_gen_saved_images"."ai_img", "ai_gen_saved_images"."prompt" FROM "ai_gen_saved_images" WHERE "ai_gen_saved_images"."id" IN (20, 90, 62, 85, 88); args=(20, 90, 62, 85, 88); alias=default
(0.000) SELECT "ai_gen_quotes"."id", "ai_gen_quotes"."book_id", "ai_gen_quotes"."text" FROM "ai_gen_quotes" WHERE "ai_gen_quotes"."id" = 37 LIMIT 21; args=(37,); alias=default
(0.000) SELECT "ai_gen_book"."id", "ai_gen_book"."name", "ai_gen_book"."author" FROM "ai_gen_book" WHERE "ai_gen_book"."id" = 11 LIMIT 21; args=(11,); alias=default
(0.000) SELECT "ai_gen_theme_tags"."name" FROM "ai_gen_theme_tags" INNER JOIN "ai_gen_quotes_theme_tag" ON ("ai_gen_theme_tags"."id" = "ai_gen_quotes_theme_tag"."theme_tags_id") WHERE "ai_gen_quotes_theme_tag"."quotes_id" = 37; args=(37,); alias=default
(0.000) SELECT "ai_gen_image_tags"."name" FROM "ai_gen_image_tags" INNER JOIN "ai_gen_quotes_image_tag" ON ("ai_gen_image_tags"."id" = "ai_gen_quotes_image_tag"."image_tags_id") WHERE "ai_gen_quotes_image_tag"."quotes_id" = 37; args=(37,); alias=default
(0.000) SELECT "ai_gen_quotes"."id", "ai_gen_quotes"."book_id", "ai_gen_quotes"."text" FROM "ai_gen_quotes" WHERE "ai_gen_quotes"."id" = 22 LIMIT 21; args=(22,); alias=default
(0.000) SELECT "ai_gen_book"."id", "ai_gen_book"."name", "ai_gen_book"."author" FROM "ai_gen_book" WHERE "ai_gen_book"."id" = 3 LIMIT 21; args=(3,); alias=default
(0.000) SELECT "ai_gen_theme_tags"."name" FROM "ai_gen_theme_tags" INNER JOIN "ai_gen_quotes_theme_tag" ON ("ai_gen_theme_tags"."id" = "ai_gen_quotes_theme_tag"."theme_tags_id") WHERE "ai_gen_quotes_theme_tag"."quotes_id" = 22; args=(22,); alias=default
(0.000) SELECT "ai_gen_image_tags"."name" FROM "ai_gen_image_tags" INNER JOIN "ai_gen_quotes_image_tag" ON ("ai_gen_image_tags"."id" = "ai_gen_quotes_image_tag"."image_tags_id") WHERE "ai_gen_quotes_image_tag"."quotes_id" = 22; args=(22,); alias=default
(0.000) SELECT "ai_gen_quotes"."id", "ai_gen_quotes"."book_id", "ai_gen_quotes"."text" FROM "ai_gen_quotes" WHERE "ai_gen_quotes"."id" = 54 LIMIT 21; args=(54,); alias=default
(0.000) SELECT "ai_gen_book"."id", "ai_gen_book"."name", "ai_gen_book"."author" FROM "ai_gen_book" WHERE "ai_gen_book"."id" = 5 LIMIT 21; args=(5,); alias=default
(0.000) SELECT "ai_gen_theme_tags"."name" FROM "ai_gen_theme_tags" INNER JOIN "ai_gen_quotes_theme_tag" ON ("ai_gen_theme_tags"."id" = "ai_gen_quotes_theme_tag"."theme_tags_id") WHERE "ai_gen_quotes_theme_tag"."quotes_id" = 54; args=(54,); alias=default
(0.000) SELECT "ai_gen_image_tags"."name" FROM "ai_gen_image_tags" INNER JOIN "ai_gen_quotes_image_tag" ON ("ai_gen_image_tags"."id" = "ai_gen_quotes_image_tag"."image_tags_id") WHERE "ai_gen_quotes_image_tag"."quotes_id" = 54; args=(54,); alias=default
(0.000) SELECT "ai_gen_quotes"."id", "ai_gen_quotes"."book_id", "ai_gen_quotes"."text" FROM "ai_gen_quotes" WHERE "ai_gen_quotes"."id" = 19 LIMIT 21; args=(19,); alias=default
(0.000) SELECT "ai_gen_book"."id", "ai_gen_book"."name", "ai_gen_book"."author" FROM "ai_gen_book" WHERE "ai_gen_book"."id" = 2 LIMIT 21; args=(2,); alias=default
(0.000) SELECT "ai_gen_theme_tags"."name" FROM "ai_gen_theme_tags" INNER JOIN "ai_gen_quotes_theme_tag" ON ("ai_gen_theme_tags"."id" = "ai_gen_quotes_theme_tag"."theme_tags_id") WHERE "ai_gen_quotes_theme_tag"."quotes_id" = 19; args=(19,); alias=default
(0.000) SELECT "ai_gen_image_tags"."name" FROM "ai_gen_image_tags" INNER JOIN "ai_gen_quotes_image_tag" ON ("ai_gen_image_tags"."id" = "ai_gen_quotes_image_tag"."image_tags_id") WHERE "ai_gen_quotes_image_tag"."quotes_id" = 19; args=(19,); alias=default
(0.000) SELECT "ai_gen_quotes"."id", "ai_gen_quotes"."book_id", "ai_gen_quotes"."text" FROM "ai_gen_quotes" WHERE "ai_gen_quotes"."id" = 30 LIMIT 21; args=(30,); alias=default
(0.000) SELECT "ai_gen_book"."id", "ai_gen_book"."name", "ai_gen_book"."author" FROM "ai_gen_book" WHERE "ai_gen_book"."id" = 6 LIMIT 21; args=(6,); alias=default
(0.000) SELECT "ai_gen_theme_tags"."name" FROM "ai_gen_theme_tags" INNER JOIN "ai_gen_quotes_theme_tag" ON ("ai_gen_theme_tags"."id" = "ai_gen_quotes_theme_tag"."theme_tags_id") WHERE "ai_gen_quotes_theme_tag"."quotes_id" = 30; args=(30,); alias=default
(0.000) SELECT "ai_gen_image_tags"."name" FROM "ai_gen_image_tags" INNER JOIN "ai_gen_quotes_image_tag" ON ("ai_gen_image_tags"."id" = "ai_gen_quotes_image_tag"."image_tags_id") WHERE "ai_gen_quotes_image_tag"."quotes_id" = 30; args=(30,); alias=default
(0.000) SELECT "ai_gen_theme_tags"."id", "ai_gen_theme_tags"."name" FROM "ai_gen_theme_tags"; args=(); alias=default
(0.000) SELECT "django_session"."session_key", "django_session"."session_data", "django_session"."expire_date" FROM "django_session" WHERE ("django_session"."expire_date" > '2024-01-21 00:42:35.857597' AND "django_session"."session_key" = 'ovq1kmn0k4z6co3w5qep1dgg1pj16bpp') LIMIT 21; args=('2024-01-21 00:42:35.857597', 'ovq1kmn0k4z6co3w5qep1dgg1pj16bpp'); alias=default
(0.000) SELECT "ai_gen_theme_tags"."name" FROM "ai_gen_theme_tags"; args=(); alias=default
(0.000) SELECT "django_session"."session_key", "django_session"."session_data", "django_session"."expire_date" FROM "django_session" WHERE ("django_session"."expire_date" > '2024-01-21 00:42:36.229595' AND "django_session"."session_key" = 'ovq1kmn0k4z6co3w5qep1dgg1pj16bpp') LIMIT 21; args=('2024-01-21 00:42:36.229595', 'ovq1kmn0k4z6co3w5qep1dgg1pj16bpp'); alias=default
(0.001) SELECT "ai_gen_saved_images"."id" FROM "ai_gen_saved_images"; args=(); alias=default
(0.000) SELECT "ai_gen_saved_images"."id", "ai_gen_saved_images"."quote_id", "ai_gen_saved_images"."ai_img", "ai_gen_saved_images"."prompt" FROM "ai_gen_saved_images" WHERE "ai_gen_saved_images"."id" IN (56, 79, 30, 18, 80); args=(56, 79, 30, 18, 80); alias=default
(0.000) SELECT "ai_gen_quotes"."id", "ai_gen_quotes"."book_id", "ai_gen_quotes"."text" FROM "ai_gen_quotes" WHERE "ai_gen_quotes"."id" = 24 LIMIT 21; args=(24,); alias=default
(0.000) SELECT "ai_gen_book"."id", "ai_gen_book"."name", "ai_gen_book"."author" FROM "ai_gen_book" WHERE "ai_gen_book"."id" = 4 LIMIT 21; args=(4,); alias=default
(0.000) SELECT "ai_gen_theme_tags"."name" FROM "ai_gen_theme_tags" INNER JOIN "ai_gen_quotes_theme_tag" ON ("ai_gen_theme_tags"."id" = "ai_gen_quotes_theme_tag"."theme_tags_id") WHERE "ai_gen_quotes_theme_tag"."quotes_id" = 24; args=(24,); alias=default
(0.000) SELECT "ai_gen_image_tags"."name" FROM "ai_gen_image_tags" INNER JOIN "ai_gen_quotes_image_tag" ON ("ai_gen_image_tags"."id" = "ai_gen_quotes_image_tag"."image_tags_id") WHERE "ai_gen_quotes_image_tag"."quotes_id" = 24; args=(24,); alias=default
(0.000) SELECT "ai_gen_quotes"."id", "ai_gen_quotes"."book_id", "ai_gen_quotes"."text" FROM "ai_gen_quotes" WHERE "ai_gen_quotes"."id" = 33 LIMIT 21; args=(33,); alias=default
(0.000) SELECT "ai_gen_book"."id", "ai_gen_book"."name", "ai_gen_book"."author" FROM "ai_gen_book" WHERE "ai_gen_book"."id" = 4 LIMIT 21; args=(4,); alias=default
(0.000) SELECT "ai_gen_theme_tags"."name" FROM "ai_gen_theme_tags" INNER JOIN "ai_gen_quotes_theme_tag" ON ("ai_gen_theme_tags"."id" = "ai_gen_quotes_theme_tag"."theme_tags_id") WHERE "ai_gen_quotes_theme_tag"."quotes_id" = 33; args=(33,); alias=default
(0.000) SELECT "ai_gen_image_tags"."name" FROM "ai_gen_image_tags" INNER JOIN "ai_gen_quotes_image_tag" ON ("ai_gen_image_tags"."id" = "ai_gen_quotes_image_tag"."image_tags_id") WHERE "ai_gen_quotes_image_tag"."quotes_id" = 33; args=(33,); alias=default
(0.000) SELECT "ai_gen_quotes"."id", "ai_gen_quotes"."book_id", "ai_gen_quotes"."text" FROM "ai_gen_quotes" WHERE "ai_gen_quotes"."id" = 34 LIMIT 21; args=(34,); alias=default
(0.000) SELECT "ai_gen_book"."id", "ai_gen_book"."name", "ai_gen_book"."author" FROM "ai_gen_book" WHERE "ai_gen_book"."id" = 5 LIMIT 21; args=(5,); alias=default
(0.000) SELECT "ai_gen_theme_tags"."name" FROM "ai_gen_theme_tags" INNER JOIN "ai_gen_quotes_theme_tag" ON ("ai_gen_theme_tags"."id" = "ai_gen_quotes_theme_tag"."theme_tags_id") WHERE "ai_gen_quotes_theme_tag"."quotes_id" = 34; args=(34,); alias=default
(0.000) SELECT "ai_gen_image_tags"."name" FROM "ai_gen_image_tags" INNER JOIN "ai_gen_quotes_image_tag" ON ("ai_gen_image_tags"."id" = "ai_gen_quotes_image_tag"."image_tags_id") WHERE "ai_gen_quotes_image_tag"."quotes_id" = 34; args=(34,); alias=default
(0.000) SELECT "ai_gen_quotes"."id", "ai_gen_quotes"."book_id", "ai_gen_quotes"."text" FROM "ai_gen_quotes" WHERE "ai_gen_quotes"."id" = 42 LIMIT 21; args=(42,); alias=default
(0.000) SELECT "ai_gen_book"."id", "ai_gen_book"."name", "ai_gen_book"."author" FROM "ai_gen_book" WHERE "ai_gen_book"."id" = 12 LIMIT 21; args=(12,); alias=default
(0.000) SELECT "ai_gen_theme_tags"."name" FROM "ai_gen_theme_tags" INNER JOIN "ai_gen_quotes_theme_tag" ON ("ai_gen_theme_tags"."id" = "ai_gen_quotes_theme_tag"."theme_tags_id") WHERE "ai_gen_quotes_theme_tag"."quotes_id" = 42; args=(42,); alias=default
(0.000) SELECT "ai_gen_image_tags"."name" FROM "ai_gen_image_tags" INNER JOIN "ai_gen_quotes_image_tag" ON ("ai_gen_image_tags"."id" = "ai_gen_quotes_image_tag"."image_tags_id") WHERE "ai_gen_quotes_image_tag"."quotes_id" = 42; args=(42,); alias=default
(0.000) SELECT "ai_gen_quotes"."id", "ai_gen_quotes"."book_id", "ai_gen_quotes"."text" FROM "ai_gen_quotes" WHERE "ai_gen_quotes"."id" = 40 LIMIT 21; args=(40,); alias=default
(0.000) SELECT "ai_gen_book"."id", "ai_gen_book"."name", "ai_gen_book"."author" FROM "ai_gen_book" WHERE "ai_gen_book"."id" = 12 LIMIT 21; args=(12,); alias=default
(0.000) SELECT "ai_gen_theme_tags"."name" FROM "ai_gen_theme_tags" INNER JOIN "ai_gen_quotes_theme_tag" ON ("ai_gen_theme_tags"."id" = "ai_gen_quotes_theme_tag"."theme_tags_id") WHERE "ai_gen_quotes_theme_tag"."quotes_id" = 40; args=(40,); alias=default
(0.000) SELECT "ai_gen_image_tags"."name" FROM "ai_gen_image_tags" INNER JOIN "ai_gen_quotes_image_tag" ON ("ai_gen_image_tags"."id" = "ai_gen_quotes_image_tag"."image_tags_id") WHERE "ai_gen_quotes_image_tag"."quotes_id" = 40; args=(40,); alias=default
(0.000) SELECT "ai_gen_theme_tags"."id", "ai_gen_theme_tags"."name" FROM "ai_gen_theme_tags"; args=(); alias=default
(0.000) SELECT "django_session"."session_key", "django_session"."session_data", "django_session"."expire_date" FROM "django_session" WHERE ("django_session"."expire_date" > '2024-01-21 00:44:53.444156' AND "django_session"."session_key" = 'ovq1kmn0k4z6co3w5qep1dgg1pj16bpp') LIMIT 21; args=('2024-01-21 00:44:53.444156', 'ovq1kmn0k4z6co3w5qep1dgg1pj16bpp'); alias=default
(0.000) SELECT "ai_gen_theme_tags"."name" FROM "ai_gen_theme_tags"; args=(); alias=default
(0.000) SELECT "django_session"."session_key", "django_session"."session_data", "django_session"."expire_date" FROM "django_session" WHERE ("django_session"."expire_date" > '2024-01-21 00:44:53.743707' AND "django_session"."session_key" = 'ovq1kmn0k4z6co3w5qep1dgg1pj16bpp') LIMIT 21; args=('2024-01-21 00:44:53.743707', 'ovq1kmn0k4z6co3w5qep1dgg1pj16bpp'); alias=default
